2018-11-12 15:04:08.786  INFO 13308 --- [main] com.nepcc.demo.DemoApplication           : Starting DemoApplication on DESKTOP-GUMCMBK with PID 13308 (C:\Users\shuke\Documents\GitHub\demo\demo\target\classes started by shuke in C:\Users\shuke\Documents\GitHub\demo\demo)
2018-11-12 15:04:08.793  INFO 13308 --- [main] com.nepcc.demo.DemoApplication           : No active profile set, falling back to default profiles: default
2018-11-12 15:04:09.275  INFO 13308 --- [main] ConfigServletWebServerApplicationContext : Refreshing org.springframework.boot.web.servlet.context.AnnotationConfigServletWebServerApplicationContext@5c08c46a: startup date [Mon Nov 12 15:04:09 CST 2018]; root of context hierarchy
2018-11-12 15:04:13.039  INFO 13308 --- [main] .s.d.r.c.RepositoryConfigurationDelegate : Multiple Spring Data modules found, entering strict repository configuration mode!
2018-11-12 15:04:13.384  INFO 13308 --- [main] .s.d.r.c.RepositoryConfigurationDelegate : Multiple Spring Data modules found, entering strict repository configuration mode!
2018-11-12 15:04:13.474  INFO 13308 --- [main] .RepositoryConfigurationExtensionSupport : Spring Data Redis - Could not safely identify store assignment for repository candidate interface com.nepcc.demo.dao.DeviceDao.
2018-11-12 15:04:13.475  INFO 13308 --- [main] .RepositoryConfigurationExtensionSupport : Spring Data Redis - Could not safely identify store assignment for repository candidate interface com.nepcc.demo.dao.DeviceStateDao.
2018-11-12 15:04:13.477  INFO 13308 --- [main] .RepositoryConfigurationExtensionSupport : Spring Data Redis - Could not safely identify store assignment for repository candidate interface com.nepcc.demo.dao.DeviceTypeDao.
2018-11-12 15:04:13.477  INFO 13308 --- [main] .RepositoryConfigurationExtensionSupport : Spring Data Redis - Could not safely identify store assignment for repository candidate interface com.nepcc.demo.dao.FaultLogDao.
2018-11-12 15:04:13.478  INFO 13308 --- [main] .RepositoryConfigurationExtensionSupport : Spring Data Redis - Could not safely identify store assignment for repository candidate interface com.nepcc.demo.dao.FaultTypeDao.
2018-11-12 15:04:13.479  INFO 13308 --- [main] .RepositoryConfigurationExtensionSupport : Spring Data Redis - Could not safely identify store assignment for repository candidate interface com.nepcc.demo.dao.HistoryDataDao.
2018-11-12 15:04:13.479  INFO 13308 --- [main] .RepositoryConfigurationExtensionSupport : Spring Data Redis - Could not safely identify store assignment for repository candidate interface com.nepcc.demo.dao.UrbanAreaDao.
2018-11-12 15:04:13.479  INFO 13308 --- [main] .RepositoryConfigurationExtensionSupport : Spring Data Redis - Could not safely identify store assignment for repository candidate interface com.nepcc.demo.dao.UserDao.
2018-11-12 15:04:13.480  INFO 13308 --- [main] .RepositoryConfigurationExtensionSupport : Spring Data Redis - Could not safely identify store assignment for repository candidate interface com.nepcc.demo.dao.UserGroupDao.
2018-11-12 15:04:14.560  INFO 13308 --- [main] trationDelegate$BeanPostProcessorChecker : Bean 'org.springframework.transaction.annotation.ProxyTransactionManagementConfiguration' of type [org.springframework.transaction.annotation.ProxyTransactionManagementConfiguration$$EnhancerBySpringCGLIB$$e09736cb] is not eligible for getting processed by all BeanPostProcessors (for example: not eligible for auto-proxying)
2018-11-12 15:04:15.760  INFO 13308 --- [main] o.s.b.w.embedded.tomcat.TomcatWebServer  : Tomcat initialized with port(s): 8080 (http)
2018-11-12 15:04:15.841  INFO 13308 --- [main] o.apache.catalina.core.StandardService   : Starting service [Tomcat]
2018-11-12 15:04:15.842  INFO 13308 --- [main] org.apache.catalina.core.StandardEngine  : Starting Servlet Engine: Apache Tomcat/8.5.34
2018-11-12 15:04:15.858  INFO 13308 --- [localhost-startStop-1] o.a.catalina.core.AprLifecycleListener   : The APR based Apache Tomcat Native library which allows optimal performance in production environments was not found on the java.library.path: [C:\Program Files\Java\jdk-10.0.1\bin;C:\WINDOWS\Sun\Java\bin;C:\WINDOWS\system32;C:\WINDOWS;C:\Program Files (x86)\Common Files\Oracle\Java\javapath;C:\Windows\system32;C:\Windows;C:\Windows\System32\Wbem;C:\Windows\System32\WindowsPowerShell\v1.0\;C:\Program Files (x86)\NVIDIA Corporation\PhysX\Common;C:\WINDOWS\system32;C:\WINDOWS;C:\WINDOWS\System32\Wbem;C:\WINDOWS\System32\WindowsPowerShell\v1.0\;C:\WINDOWS\System32\OpenSSH\;C:\Program Files\Calibre2\;C:\Program Files\Java\jdk1.8.0_181\bin;C:\Program Files\Java\jre1.8.0_181\bin;C:\Program Files\nodejs\;C:\Program Files (x86)\Brackets\command;C:\Users\shuke\AppData\Local\Microsoft\WindowsApps;C:\Users\shuke\AppData\Roaming\npm;C:\Users\shuke\AppData\Local\atom\bin;.]
2018-11-12 15:04:16.195  INFO 13308 --- [localhost-startStop-1] o.a.c.c.C.[Tomcat].[localhost].[/]       : Initializing Spring embedded WebApplicationContext
2018-11-12 15:04:16.197  INFO 13308 --- [localhost-startStop-1] o.s.web.context.ContextLoader            : Root WebApplicationContext: initialization completed in 6922 ms
2018-11-12 15:04:16.335  INFO 13308 --- [localhost-startStop-1] o.s.b.w.servlet.ServletRegistrationBean  : Servlet dispatcherServlet mapped to [/]
2018-11-12 15:04:16.359  INFO 13308 --- [localhost-startStop-1] o.s.b.w.servlet.FilterRegistrationBean   : Mapping filter: 'characterEncodingFilter' to: [/*]
2018-11-12 15:04:16.359  INFO 13308 --- [localhost-startStop-1] o.s.b.w.servlet.FilterRegistrationBean   : Mapping filter: 'hiddenHttpMethodFilter' to: [/*]
2018-11-12 15:04:16.360  INFO 13308 --- [localhost-startStop-1] o.s.b.w.servlet.FilterRegistrationBean   : Mapping filter: 'httpPutFormContentFilter' to: [/*]
2018-11-12 15:04:16.360  INFO 13308 --- [localhost-startStop-1] o.s.b.w.servlet.FilterRegistrationBean   : Mapping filter: 'requestContextFilter' to: [/*]
2018-11-12 15:04:17.067  INFO 13308 --- [main] com.zaxxer.hikari.HikariDataSource       : HikariPool-1 - Starting...
2018-11-12 15:04:17.480  INFO 13308 --- [main] com.zaxxer.hikari.HikariDataSource       : HikariPool-1 - Start completed.
2018-11-12 15:04:17.720  INFO 13308 --- [main] j.LocalContainerEntityManagerFactoryBean : Building JPA container EntityManagerFactory for persistence unit 'default'
2018-11-12 15:04:17.812  INFO 13308 --- [main] o.hibernate.jpa.internal.util.LogHelper  : HHH000204: Processing PersistenceUnitInfo [
	name: default
	...]
2018-11-12 15:04:18.268  INFO 13308 --- [main] org.hibernate.Version                    : HHH000412: Hibernate Core {5.2.17.Final}
2018-11-12 15:04:18.275  INFO 13308 --- [main] org.hibernate.cfg.Environment            : HHH000206: hibernate.properties not found
2018-11-12 15:04:18.650  INFO 13308 --- [main] o.hibernate.annotations.common.Version   : HCANN000001: Hibernate Commons Annotations {5.0.1.Final}
2018-11-12 15:04:19.272  INFO 13308 --- [main] org.hibernate.dialect.Dialect            : HHH000400: Using dialect: org.hibernate.dialect.MySQL5Dialect
2018-11-12 15:04:21.616  INFO 13308 --- [main] j.LocalContainerEntityManagerFactoryBean : Initialized JPA EntityManagerFactory for persistence unit 'default'
2018-11-12 15:04:22.666  INFO 13308 --- [main] o.s.w.s.handler.SimpleUrlHandlerMapping  : Mapped URL path [/**/favicon.ico] onto handler of type [class org.springframework.web.servlet.resource.ResourceHttpRequestHandler]
2018-11-12 15:04:23.144  INFO 13308 --- [main] s.w.s.m.m.a.RequestMappingHandlerAdapter : Looking for @ControllerAdvice: org.springframework.boot.web.servlet.context.AnnotationConfigServletWebServerApplicationContext@5c08c46a: startup date [Mon Nov 12 15:04:09 CST 2018]; root of context hierarchy
2018-11-12 15:04:23.211  INFO 13308 --- [main] s.w.s.m.m.a.RequestMappingHandlerMapping : Mapped "{[/getDeviceInfo/{id}],methods=[GET]}" onto public java.util.Map<java.lang.String, java.lang.Object> com.nepcc.demo.controller.DeviceController.getDeviceInfo(java.lang.Integer)
2018-11-12 15:04:23.213  INFO 13308 --- [main] s.w.s.m.m.a.RequestMappingHandlerMapping : Mapped "{[/getDevices],methods=[POST]}" onto public java.util.Map<java.lang.String, java.lang.Object> com.nepcc.demo.controller.DeviceController.getDevices(java.lang.String,java.lang.Integer)
2018-11-12 15:04:23.214  INFO 13308 --- [main] s.w.s.m.m.a.RequestMappingHandlerMapping : Mapped "{[/getDeviceNum/{areaId}/{typeId}],methods=[GET]}" onto public java.util.Map<java.lang.String, java.lang.Object> com.nepcc.demo.controller.DeviceController.getDeviceNum(java.lang.Integer,java.lang.Integer)
2018-11-12 15:04:23.214  INFO 13308 --- [main] s.w.s.m.m.a.RequestMappingHandlerMapping : Mapped "{[/getDeviceById/{id}],methods=[GET]}" onto public com.nepcc.demo.entity.Device com.nepcc.demo.controller.DeviceController.getDeviceById(java.lang.Integer)
2018-11-12 15:04:23.215  INFO 13308 --- [main] s.w.s.m.m.a.RequestMappingHandlerMapping : Mapped "{[/modifyDevice/{id}],methods=[POST]}" onto public com.nepcc.demo.entity.Device com.nepcc.demo.controller.DeviceController.modifyDevice(java.lang.Integer,javax.servlet.http.HttpServletRequest,javax.servlet.http.HttpSession)
2018-11-12 15:04:23.215  INFO 13308 --- [main] s.w.s.m.m.a.RequestMappingHandlerMapping : Mapped "{[/uploadDataOfDevice/{id}],methods=[POST]}" onto public java.lang.String com.nepcc.demo.controller.DeviceController.uploadDataOfDevice(java.lang.Integer,java.lang.String)
2018-11-12 15:04:23.215  INFO 13308 --- [main] s.w.s.m.m.a.RequestMappingHandlerMapping : Mapped "{[/registOneDevice],methods=[POST]}" onto public com.nepcc.demo.entity.Device com.nepcc.demo.controller.DeviceController.registOneDevice(javax.servlet.http.HttpServletRequest,javax.servlet.http.HttpSession)
2018-11-12 15:04:23.216  INFO 13308 --- [main] s.w.s.m.m.a.RequestMappingHandlerMapping : Mapped "{[/getDeviceLatestData/{id}],methods=[GET]}" onto public com.nepcc.demo.entity.HistoryData com.nepcc.demo.controller.DeviceController.getDeviceLatestData(java.lang.Integer)
2018-11-12 15:04:23.216  INFO 13308 --- [main] s.w.s.m.m.a.RequestMappingHandlerMapping : Mapped "{[/getHistoryDataOfDevice/{id}],methods=[GET]}" onto public java.util.List<com.nepcc.demo.entity.HistoryData> com.nepcc.demo.controller.DeviceController.getHistoryDataOfDevice(java.lang.Integer,java.lang.String)
2018-11-12 15:04:23.216  INFO 13308 --- [main] s.w.s.m.m.a.RequestMappingHandlerMapping : Mapped "{[/getDeviceNum/{typeId}],methods=[GET]}" onto public java.util.Map<java.lang.String, java.util.Map<java.lang.String, java.lang.Object>> com.nepcc.demo.controller.DeviceController.getDeviceNumOfEveryArea(java.lang.Integer)
2018-11-12 15:04:23.217  INFO 13308 --- [main] s.w.s.m.m.a.RequestMappingHandlerMapping : Mapped "{[/getFaultLogs],methods=[POST]}" onto public java.util.Map<java.lang.String, java.lang.Object> com.nepcc.demo.controller.FaultLogController.getFaultLogs(java.lang.String,java.lang.Integer)
2018-11-12 15:04:23.217  INFO 13308 --- [main] s.w.s.m.m.a.RequestMappingHandlerMapping : Mapped "{[/clearFault/{id}],methods=[POST]}" onto public java.lang.String com.nepcc.demo.controller.FaultLogController.clearFault(java.lang.Integer)
2018-11-12 15:04:23.218  INFO 13308 --- [main] s.w.s.m.m.a.RequestMappingHandlerMapping : Mapped "{[/getFaultLogNotClearOf/{id}],methods=[GET]}" onto public java.util.List<com.nepcc.demo.entity.FaultLog> com.nepcc.demo.controller.FaultLogController.getFaultLogNotClearOf(java.lang.Integer,java.lang.Integer)
2018-11-12 15:04:23.218  INFO 13308 --- [main] s.w.s.m.m.a.RequestMappingHandlerMapping : Mapped "{[/getFaultLogNotClear],methods=[GET]}" onto public java.util.List<com.nepcc.demo.entity.FaultLog> com.nepcc.demo.controller.FaultLogController.getFaultLogNotClear(java.lang.Integer)
2018-11-12 15:04:23.221  INFO 13308 --- [main] s.w.s.m.m.a.RequestMappingHandlerMapping : Mapped "{[/hello],methods=[GET]}" onto public java.lang.String com.nepcc.demo.controller.PageController.hello()
2018-11-12 15:04:23.221  INFO 13308 --- [main] s.w.s.m.m.a.RequestMappingHandlerMapping : Mapped "{[/userLogin],methods=[POST]}" onto public java.lang.String com.nepcc.demo.controller.PageController.userCertification(java.lang.String,java.lang.String,java.util.Map<java.lang.String, java.lang.Object>,javax.servlet.http.HttpSession)
2018-11-12 15:04:23.221  INFO 13308 --- [main] s.w.s.m.m.a.RequestMappingHandlerMapping : Mapped "{[/mp/userExit]}" onto public java.lang.String com.nepcc.demo.controller.PageController.mpUserExit(javax.servlet.http.HttpSession)
2018-11-12 15:04:23.222  INFO 13308 --- [main] s.w.s.m.m.a.RequestMappingHandlerMapping : Mapped "{[/userExit]}" onto public java.lang.String com.nepcc.demo.controller.PageController.userExit(javax.servlet.http.HttpSession)
2018-11-12 15:04:23.222  INFO 13308 --- [main] s.w.s.m.m.a.RequestMappingHandlerMapping : Mapped "{[/mp/userLogin],methods=[POST]}" onto public java.util.Map<java.lang.String, java.lang.Object> com.nepcc.demo.controller.PageController.mpUserCertification(java.lang.String,java.lang.String,javax.servlet.http.HttpSession)
2018-11-12 15:04:23.223  INFO 13308 --- [main] s.w.s.m.m.a.RequestMappingHandlerMapping : Mapped "{[/newUserRegistration],methods=[POST]}" onto public java.lang.String com.nepcc.demo.controller.PageController.newUserRegistration(javax.servlet.http.HttpServletRequest,java.util.Map<java.lang.String, java.lang.Object>)
2018-11-12 15:04:23.224  INFO 13308 --- [main] s.w.s.m.m.a.RequestMappingHandlerMapping : Mapped "{[/getUserInfo/{id}],methods=[GET]}" onto public com.nepcc.demo.entity.User com.nepcc.demo.controller.UserController.getUserInfo(java.lang.Integer,javax.servlet.http.HttpSession)
2018-11-12 15:04:23.224  INFO 13308 --- [main] s.w.s.m.m.a.RequestMappingHandlerMapping : Mapped "{[/getThisUser],methods=[GET]}" onto public java.lang.Integer com.nepcc.demo.controller.UserController.getThisUser(javax.servlet.http.HttpSession)
2018-11-12 15:04:23.225  INFO 13308 --- [main] s.w.s.m.m.a.RequestMappingHandlerMapping : Mapped "{[/getUsers],methods=[POST]}" onto public java.util.Map<java.lang.String, java.lang.Object> com.nepcc.demo.controller.UserController.getUsers(java.lang.String,java.lang.Integer,javax.servlet.http.HttpSession)
2018-11-12 15:04:23.225  INFO 13308 --- [main] s.w.s.m.m.a.RequestMappingHandlerMapping : Mapped "{[/modifyUser/{id}],methods=[POST]}" onto public com.nepcc.demo.entity.User com.nepcc.demo.controller.UserController.modifyUser(java.lang.Integer,javax.servlet.http.HttpServletRequest,javax.servlet.http.HttpSession)
2018-11-12 15:04:23.225  INFO 13308 --- [main] s.w.s.m.m.a.RequestMappingHandlerMapping : Mapped "{[/getUser],methods=[GET]}" onto public com.nepcc.demo.entity.User com.nepcc.demo.controller.UserController.getUser()
2018-11-12 15:04:23.225  INFO 13308 --- [main] s.w.s.m.m.a.RequestMappingHandlerMapping : Mapped "{[/modifyPassword/{id}],methods=[POST]}" onto public java.lang.String com.nepcc.demo.controller.UserController.modifyPassword(java.lang.Integer,java.lang.String,java.lang.String,javax.servlet.http.HttpSession)
2018-11-12 15:04:23.228  INFO 13308 --- [main] s.w.s.m.m.a.RequestMappingHandlerMapping : Mapped "{[/error]}" onto public org.springframework.http.ResponseEntity<java.util.Map<java.lang.String, java.lang.Object>> org.springframework.boot.autoconfigure.web.servlet.error.BasicErrorController.error(javax.servlet.http.HttpServletRequest)
2018-11-12 15:04:23.228  INFO 13308 --- [main] s.w.s.m.m.a.RequestMappingHandlerMapping : Mapped "{[/error],produces=[text/html]}" onto public org.springframework.web.servlet.ModelAndView org.springframework.boot.autoconfigure.web.servlet.error.BasicErrorController.errorHtml(javax.servlet.http.HttpServletRequest,javax.servlet.http.HttpServletResponse)
2018-11-12 15:04:23.240  INFO 13308 --- [main] o.s.w.s.handler.SimpleUrlHandlerMapping  : Mapped URL path [/registry.html] onto handler of type [class org.springframework.web.servlet.mvc.ParameterizableViewController]
2018-11-12 15:04:23.240  INFO 13308 --- [main] o.s.w.s.handler.SimpleUrlHandlerMapping  : Mapped URL path [/login.html] onto handler of type [class org.springframework.web.servlet.mvc.ParameterizableViewController]
2018-11-12 15:04:23.256  INFO 13308 --- [main] o.s.w.s.handler.SimpleUrlHandlerMapping  : Mapped URL path [/webjars/**] onto handler of type [class org.springframework.web.servlet.resource.ResourceHttpRequestHandler]
2018-11-12 15:04:23.257  INFO 13308 --- [main] o.s.w.s.handler.SimpleUrlHandlerMapping  : Mapped URL path [/**] onto handler of type [class org.springframework.web.servlet.resource.ResourceHttpRequestHandler]
2018-11-12 15:04:23.520  INFO 13308 --- [main] o.s.b.a.w.s.WelcomePageHandlerMapping    : Adding welcome page: class path resource [public/index.html]
2018-11-12 15:04:25.395  INFO 13308 --- [main] o.s.w.s.v.f.FreeMarkerConfigurer         : ClassTemplateLoader for Spring macros added to FreeMarker configuration
2018-11-12 15:04:25.654  INFO 13308 --- [main] o.s.j.e.a.AnnotationMBeanExporter        : Registering beans for JMX exposure on startup
2018-11-12 15:04:25.656  INFO 13308 --- [main] o.s.j.e.a.AnnotationMBeanExporter        : Bean with name 'dataSource' has been autodetected for JMX exposure
2018-11-12 15:04:25.662  INFO 13308 --- [main] o.s.j.e.a.AnnotationMBeanExporter        : Located MBean 'dataSource': registering with JMX server as MBean [com.zaxxer.hikari:name=dataSource,type=HikariDataSource]
2018-11-12 15:04:25.755  INFO 13308 --- [main] o.s.b.w.embedded.tomcat.TomcatWebServer  : Tomcat started on port(s): 8080 (http) with context path ''
2018-11-12 15:04:25.781  INFO 13308 --- [main] com.nepcc.demo.DemoApplication           : Started DemoApplication in 18.992 seconds (JVM running for 23.749)
